<?xml version="1.0" encoding="UTF-8"?>
<!-- Generated by org.testng.reporters.JUnitReportReporter -->
<testsuite hostname="DESKTOP-V15IP3P" failures="0" tests="1" name="testcases.TestGoogle" time="6.973" errors="0" timestamp="2022-12-04T14:01:07 IST" skipped="0">
  <testcase classname="testcases.TestGoogle" name="navigateToHomePage" time="6.973"/>
  <system-out/>
</testsuite> <!-- testcases.TestGoogle -->
