<?xml version="1.0" encoding="UTF-8"?>
<!-- Generated by org.testng.reporters.JUnitReportReporter -->
<testsuite hostname="DESKTOP-V15IP3P" failures="0" tests="1" name="testcases.EnterTextWithoutSendKeys" time="19.096" errors="0" timestamp="2022-12-05T20:30:06 IST" skipped="0">
  <testcase classname="testcases.EnterTextWithoutSendKeys" name="enterTextIntoEditor" time="19.096"/>
  <system-out/>
</testsuite> <!-- testcases.EnterTextWithoutSendKeys -->
