<?xml version="1.0" encoding="UTF-8"?>
<!-- Generated by org.testng.reporters.JUnitReportReporter -->
<testsuite hostname="DESKTOP-V15IP3P" failures="0" tests="1" name="testcases.Google" time="10.101" errors="0" timestamp="2022-12-03T19:38:06 IST" skipped="0">
  <testcase classname="testcases.Google" name="navigateToHomePage" time="10.101"/>
  <system-out/>
</testsuite> <!-- testcases.Google -->
