<?xml version="1.0" encoding="UTF-8"?>
<!-- Generated by org.testng.reporters.JUnitReportReporter -->
<testsuite hostname="DESKTOP-V15IP3P" failures="0" tests="1" name="testcases.NavigateToGoogle" time="20.349" errors="0" timestamp="2022-12-06T23:01:49 IST" skipped="0">
  <testcase classname="testcases.NavigateToGoogle" name="navigateToHomePage" time="20.349"/>
  <system-out/>
</testsuite> <!-- testcases.NavigateToGoogle -->
