<?xml version="1.0" encoding="UTF-8"?>
<!-- Generated by org.testng.reporters.JUnitReportReporter -->
<testsuite hostname="DESKTOP-V15IP3P" failures="0" tests="1" name="testcases.DynamicWebTable" time="44.426" errors="0" timestamp="2022-12-05T19:29:29 IST" skipped="0">
  <testcase classname="testcases.DynamicWebTable" name="printAllData" time="44.426"/>
  <system-out/>
</testsuite> <!-- testcases.DynamicWebTable -->
