<?xml version="1.0" encoding="UTF-8"?>
<!-- Generated by org.testng.reporters.JUnitReportReporter -->
<testsuite hostname="DESKTOP-V15IP3P" failures="0" tests="1" name="testcases.InterviewQuestions" time="22.037" errors="0" timestamp="2022-12-05T20:56:11 IST" skipped="0">
  <testcase classname="testcases.InterviewQuestions" name="EnterTextWithoutSendKeys" time="22.037"/>
  <system-out/>
</testsuite> <!-- testcases.InterviewQuestions -->
